2025-08-21 20:39:25,998 [   5494]   WARN - #c.i.s.c.i.StationSocketConnectionLoop - Discovery connection failed with NoSuchFileException (/run/user/1000/jb.station.sock)
2025-08-21 20:41:21,355 [ 120851]   WARN - #o.j.i.maven - updateMavenProjects started: incremental=true, MavenProjectAware.reloadProject, sync selected 1 0 sistemaMicroservicios
2025-08-21 20:41:22,852 [ 122348]   WARN - #c.i.e.r.RemoteProcessSupport - Remote process stderr:WARNING: A terminally deprecated method in sun.misc.Unsafe has been called

2025-08-21 20:41:22,853 [ 122349]   WARN - #c.i.e.r.RemoteProcessSupport - WARNING: A terminally deprecated method in sun.misc.Unsafe has been called
2025-08-21 20:41:22,853 [ 122349]   WARN - #c.i.e.r.RemoteProcessSupport - Remote process stderr:WARNING: sun.misc.Unsafe::staticFieldBase has been called by com.google.inject.internal.aop.HiddenClassDefiner (file:/home/alma/.m2/wrapper/dists/apache-maven-3.9.11-bin/6mqf5t809d9geo83kj4ttckcbc/apache-maven-3.9.11/lib/guice-5.1.0-classes.jar)

2025-08-21 20:41:22,853 [ 122349]   WARN - #c.i.e.r.RemoteProcessSupport - WARNING: sun.misc.Unsafe::staticFieldBase has been called by com.google.inject.internal.aop.HiddenClassDefiner (file:/home/alma/.m2/wrapper/dists/apache-maven-3.9.11-bin/6mqf5t809d9geo83kj4ttckcbc/apache-maven-3.9.11/lib/guice-5.1.0-classes.jar)
2025-08-21 20:41:22,853 [ 122349]   WARN - #c.i.e.r.RemoteProcessSupport - Remote process stderr:WARNING: Please consider reporting this to the maintainers of class com.google.inject.internal.aop.HiddenClassDefiner

2025-08-21 20:41:22,853 [ 122349]   WARN - #c.i.e.r.RemoteProcessSupport - WARNING: Please consider reporting this to the maintainers of class com.google.inject.internal.aop.HiddenClassDefiner
2025-08-21 20:41:22,853 [ 122349]   WARN - #c.i.e.r.RemoteProcessSupport - Remote process stderr:WARNING: sun.misc.Unsafe::staticFieldBase will be removed in a future release

2025-08-21 20:41:22,853 [ 122349]   WARN - #c.i.e.r.RemoteProcessSupport - WARNING: sun.misc.Unsafe::staticFieldBase will be removed in a future release
2025-08-21 20:41:27,596 [ 127092]   WARN - #o.j.i.maven - updateMavenProjects finished: incremental=true, MavenProjectAware.reloadProject, sync selected 1 0 sistemaMicroservicios
2025-08-21 20:43:13,789 [ 233285]   WARN - #o.j.i.maven - updateMavenProjects started: incremental=true, MavenProjectAware.reloadProject, sync selected 1 0 sistemaMicroservicios
2025-08-21 20:43:15,466 [ 234962]   WARN - #o.j.i.maven - updateMavenProjects finished: incremental=true, MavenProjectAware.reloadProject, sync selected 1 0 sistemaMicroservicios
2025-08-21 20:45:17,401 [ 356897]   WARN - #o.j.i.maven - updateMavenProjects started: incremental=true, MavenProjectAware.reloadProject, sync selected 1 0 sistemaMicroservicios
2025-08-21 20:45:18,429 [ 357925]   WARN - #o.j.i.maven - updateMavenProjects finished: incremental=true, MavenProjectAware.reloadProject, sync selected 1 0 sistemaMicroservicios
2025-08-21 20:45:44,654 [ 384150]   WARN - #o.j.i.reposearch - Exception getting data from provider org.jetbrains.idea.packagesearch.api.PackageSearchApiClientService@7a18be1
java.net.ConnectException
	at java.net.http/jdk.internal.net.http.common.Utils.toConnectException(Utils.java:1042)
	at java.net.http/jdk.internal.net.http.PlainHttpConnection.connectAsync(PlainHttpConnection.java:227)
	at java.net.http/jdk.internal.net.http.AsyncSSLConnection.connectAsync(AsyncSSLConnection.java:56)
	at java.net.http/jdk.internal.net.http.Http1Exchange.sendHeadersAsync(Http1Exchange.java:312)
	at java.net.http/jdk.internal.net.http.Exchange.lambda$responseAsyncImpl0$8(Exchange.java:581)
	at java.net.http/jdk.internal.net.http.Exchange.checkFor407(Exchange.java:452)
	at java.net.http/jdk.internal.net.http.Exchange.lambda$responseAsyncImpl0$9(Exchange.java:585)
	at java.base/java.util.concurrent.CompletableFuture.uniHandle(CompletableFuture.java:934)
	at java.base/java.util.concurrent.CompletableFuture.uniHandleStage(CompletableFuture.java:950)
	at java.base/java.util.concurrent.CompletableFuture.handle(CompletableFuture.java:2372)
	at java.net.http/jdk.internal.net.http.Exchange.responseAsyncImpl0(Exchange.java:585)
	at java.net.http/jdk.internal.net.http.Exchange.responseAsyncImpl(Exchange.java:428)
	at java.net.http/jdk.internal.net.http.Exchange.responseAsync(Exchange.java:420)
	at java.net.http/jdk.internal.net.http.MultiExchange.responseAsyncImpl(MultiExchange.java:414)
	at java.net.http/jdk.internal.net.http.MultiExchange.lambda$responseAsyncImpl$7(MultiExchange.java:456)
	at java.base/java.util.concurrent.CompletableFuture.uniHandle(CompletableFuture.java:934)
	at java.base/java.util.concurrent.CompletableFuture.uniHandleStage(CompletableFuture.java:950)
	at java.base/java.util.concurrent.CompletableFuture.handle(CompletableFuture.java:2372)
	at java.net.http/jdk.internal.net.http.MultiExchange.responseAsyncImpl(MultiExchange.java:446)
	at java.net.http/jdk.internal.net.http.MultiExchange.lambda$responseAsync0$2(MultiExchange.java:347)
	at java.base/java.util.concurrent.CompletableFuture$UniCompose.tryFire(CompletableFuture.java:1150)
	at java.base/java.util.concurrent.CompletableFuture.postComplete(CompletableFuture.java:510)
	at java.base/java.util.concurrent.CompletableFuture$AsyncSupply.run(CompletableFuture.java:1773)
	at kotlinx.coroutines.internal.SoftLimitedDispatcher$Worker.run(SoftLimitedDispatcher.kt:125)
	at kotlinx.coroutines.scheduling.TaskImpl.run(Tasks.kt:99)
	at kotlinx.coroutines.scheduling.CoroutineScheduler.runSafely(CoroutineScheduler.kt:608)
	at kotlinx.coroutines.scheduling.CoroutineScheduler$Worker.executeTask(CoroutineScheduler.kt:873)
	at kotlinx.coroutines.scheduling.CoroutineScheduler$Worker.runWorker(CoroutineScheduler.kt:763)
	at kotlinx.coroutines.scheduling.CoroutineScheduler$Worker.run(CoroutineScheduler.kt:750)
Caused by: java.nio.channels.UnresolvedAddressException
	at java.base/sun.nio.ch.Net.checkAddress(Net.java:137)
	at java.base/sun.nio.ch.Net.checkAddress(Net.java:145)
	at java.base/sun.nio.ch.SocketChannelImpl.checkRemote(SocketChannelImpl.java:842)
	at java.base/sun.nio.ch.SocketChannelImpl.connect(SocketChannelImpl.java:865)
	at java.net.http/jdk.internal.net.http.PlainHttpConnection.lambda$connectAsync$1(PlainHttpConnection.java:210)
	at java.base/java.security.AccessController.doPrivileged(AccessController.java:571)
	at java.net.http/jdk.internal.net.http.PlainHttpConnection.connectAsync(PlainHttpConnection.java:212)
	... 27 more
2025-08-21 21:30:01,173 [3040669]   WARN - #o.j.i.maven - updateMavenProjects started: incremental=true, MavenProjectAware.reloadProject, sync selected 1 0 sistemaMicroservicios
2025-08-21 21:30:02,097 [3041593]   WARN - #o.j.i.maven - updateMavenProjects finished: incremental=true, MavenProjectAware.reloadProject, sync selected 1 0 sistemaMicroservicios
2025-08-21 22:01:14,582 [4914078]   WARN - #git4idea.merge.GitMergeUtil - Failed to load revision content for /home/alma/0prog2/sistemaMicroservicios/.gitignore (stage 1): 'fatal: path '.gitignore' is in the index, but not at stage 1
hint: Did you mean ':2:.gitignore'?'
Assuming missing side
